{"numFailedTestSuites":1,"numFailedTests":2,"numPassedTestSuites":0,"numPassedTests":14,"numPendingTestSuites":0,"numPendingTests":0,"numRuntimeErrorTestSuites":0,"numTodoTests":0,"numTotalTestSuites":1,"numTotalTests":16,"openHandles":[],"snapshot":{"added":0,"didUpdate":false,"failure":false,"filesAdded":0,"filesRemoved":0,"filesRemovedList":[],"filesUnmatched":0,"filesUpdated":0,"matched":0,"total":0,"unchecked":0,"uncheckedKeysByFile":[],"unmatched":0,"updated":0},"startTime":1773434860408,"success":false,"testResults":[{"assertionResults":[{"ancestorTitles":["S/4HANA API_MAINTNOTIFICATION Endpoints","CSRF Token Fetch"],"duration":71,"failureDetails":[],"failureMessages":[],"fullName":"S/4HANA API_MAINTNOTIFICATION Endpoints CSRF Token Fetch should fetch a CSRF token","invocations":1,"location":null,"numPassingAsserts":1,"retryReasons":[],"status":"passed","title":"should fetch a CSRF token"},{"ancestorTitles":["S/4HANA API_MAINTNOTIFICATION Endpoints","GET /MaintenanceNotificationCollection"],"duration":13,"failureDetails":[{"matcherResult":{"message":"\u001b[2mexpect(\u001b[22m\u001b[31mreceived\u001b[39m\u001b[2m).\u001b[22mtoBeDefined\u001b[2m()\u001b[22m\n\nReceived: \u001b[31mundefined\u001b[39m","pass":false}}],"failureMessages":["Error: \u001b[2mexpect(\u001b[22m\u001b[31mreceived\u001b[39m\u001b[2m).\u001b[22mtoBeDefined\u001b[2m()\u001b[22m\n\nReceived: \u001b[31mundefined\u001b[39m\n    at Object.toBeDefined (C:\\Users\\Usuario\\Documents\\sap-pm-emulator\\src\\v4\\tests\\maintNotification.test.js:83:37)\n    at processTicksAndRejections (node:internal/process/task_queues:103:5)"],"fullName":"S/4HANA API_MAINTNOTIFICATION Endpoints GET /MaintenanceNotificationCollection should return a list of notifications","invocations":1,"location":null,"numPassingAsserts":1,"retryReasons":[],"status":"failed","title":"should return a list of notifications"},{"ancestorTitles":["S/4HANA API_MAINTNOTIFICATION Endpoints","GET /MaintenanceNotificationCollection"],"duration":13,"failureDetails":[],"failureMessages":[],"fullName":"S/4HANA API_MAINTNOTIFICATION Endpoints GET /MaintenanceNotificationCollection should filter notifications by NotificationType","invocations":1,"location":null,"numPassingAsserts":18,"retryReasons":[],"status":"passed","title":"should filter notifications by NotificationType"},{"ancestorTitles":["S/4HANA API_MAINTNOTIFICATION Endpoints","GET /MaintenanceNotificationCollection('{id}')"],"duration":9,"failureDetails":[],"failureMessages":[],"fullName":"S/4HANA API_MAINTNOTIFICATION Endpoints GET /MaintenanceNotificationCollection('{id}') should return a single notification","invocations":1,"location":null,"numPassingAsserts":1,"retryReasons":[],"status":"passed","title":"should return a single notification"},{"ancestorTitles":["S/4HANA API_MAINTNOTIFICATION Endpoints","GET /MaintenanceNotificationCollection('{id}')"],"duration":9,"failureDetails":[],"failureMessages":[],"fullName":"S/4HANA API_MAINTNOTIFICATION Endpoints GET /MaintenanceNotificationCollection('{id}') should return 404 for non-existent notification","invocations":1,"location":null,"numPassingAsserts":1,"retryReasons":[],"status":"passed","title":"should return 404 for non-existent notification"},{"ancestorTitles":["S/4HANA API_MAINTNOTIFICATION Endpoints","POST /MaintenanceNotificationCollection"],"duration":28,"failureDetails":[{"matcherResult":{"message":"\u001b[2mexpect(\u001b[22m\u001b[31mreceived\u001b[39m\u001b[2m).\u001b[22mtoContain\u001b[2m(\u001b[22m\u001b[32mexpected\u001b[39m\u001b[2m) // indexOf\u001b[22m\n\nExpected value:  \u001b[32m\"Missing required fields\"\u001b[39m\nReceived object: \u001b[31m{\"lang\": \"en\", \"value\": \"Missing required fields: NotificationType, TechnicalObject\"}\u001b[39m","pass":false}}],"failureMessages":["Error: \u001b[2mexpect(\u001b[22m\u001b[31mreceived\u001b[39m\u001b[2m).\u001b[22mtoContain\u001b[2m(\u001b[22m\u001b[32mexpected\u001b[39m\u001b[2m) // indexOf\u001b[22m\n\nExpected value:  \u001b[32m\"Missing required fields\"\u001b[39m\nReceived object: \u001b[31m{\"lang\": \"en\", \"value\": \"Missing required fields: NotificationType, TechnicalObject\"}\u001b[39m\n    at Object.toContain (C:\\Users\\Usuario\\Documents\\sap-pm-emulator\\src\\v4\\tests\\maintNotification.test.js:125:38)\n    at processTicksAndRejections (node:internal/process/task_queues:103:5)"],"fullName":"S/4HANA API_MAINTNOTIFICATION Endpoints POST /MaintenanceNotificationCollection should fail with missing required fields","invocations":1,"location":null,"numPassingAsserts":0,"retryReasons":[],"status":"failed","title":"should fail with missing required fields"},{"ancestorTitles":["S/4HANA API_MAINTNOTIFICATION Endpoints","POST /MaintenanceNotificationCollection"],"duration":9,"failureDetails":[],"failureMessages":[],"fullName":"S/4HANA API_MAINTNOTIFICATION Endpoints POST /MaintenanceNotificationCollection should fail with invalid equipment FK","invocations":1,"location":null,"numPassingAsserts":1,"retryReasons":[],"status":"passed","title":"should fail with invalid equipment FK"},{"ancestorTitles":["S/4HANA API_MAINTNOTIFICATION Endpoints","POST /MaintenanceNotificationCollection"],"duration":25,"failureDetails":[],"failureMessages":[],"fullName":"S/4HANA API_MAINTNOTIFICATION Endpoints POST /MaintenanceNotificationCollection should create a notification with valid payload","invocations":1,"location":null,"numPassingAsserts":3,"retryReasons":[],"status":"passed","title":"should create a notification with valid payload"},{"ancestorTitles":["S/4HANA API_MAINTNOTIFICATION Endpoints","PATCH /MaintenanceNotificationCollection('{id}')"],"duration":27,"failureDetails":[],"failureMessages":[],"fullName":"S/4HANA API_MAINTNOTIFICATION Endpoints PATCH /MaintenanceNotificationCollection('{id}') should update a notification","invocations":1,"location":null,"numPassingAsserts":1,"retryReasons":[],"status":"passed","title":"should update a notification"},{"ancestorTitles":["S/4HANA API_MAINTNOTIFICATION Endpoints","Function Imports (State Transitions)"],"duration":25,"failureDetails":[],"failureMessages":[],"fullName":"S/4HANA API_MAINTNOTIFICATION Endpoints Function Imports (State Transitions) should set an outstanding notification to In Process","invocations":1,"location":null,"numPassingAsserts":1,"retryReasons":[],"status":"passed","title":"should set an outstanding notification to In Process"},{"ancestorTitles":["S/4HANA API_MAINTNOTIFICATION Endpoints","Function Imports (State Transitions)"],"duration":8,"failureDetails":[],"failureMessages":[],"fullName":"S/4HANA API_MAINTNOTIFICATION Endpoints Function Imports (State Transitions) should fail to set an in-process notification to In Process again","invocations":1,"location":null,"numPassingAsserts":1,"retryReasons":[],"status":"passed","title":"should fail to set an in-process notification to In Process again"},{"ancestorTitles":["S/4HANA API_MAINTNOTIFICATION Endpoints","Function Imports (State Transitions)"],"duration":7,"failureDetails":[],"failureMessages":[],"fullName":"S/4HANA API_MAINTNOTIFICATION Endpoints Function Imports (State Transitions) should fail to complete an outstanding notification","invocations":1,"location":null,"numPassingAsserts":1,"retryReasons":[],"status":"passed","title":"should fail to complete an outstanding notification"},{"ancestorTitles":["S/4HANA API_MAINTNOTIFICATION Endpoints","Function Imports (State Transitions)"],"duration":23,"failureDetails":[],"failureMessages":[],"fullName":"S/4HANA API_MAINTNOTIFICATION Endpoints Function Imports (State Transitions) should complete an in-process notification","invocations":1,"location":null,"numPassingAsserts":2,"retryReasons":[],"status":"passed","title":"should complete an in-process notification"},{"ancestorTitles":["S/4HANA API_MAINTNOTIFICATION Endpoints","Function Imports (State Transitions)"],"duration":23,"failureDetails":[],"failureMessages":[],"fullName":"S/4HANA API_MAINTNOTIFICATION Endpoints Function Imports (State Transitions) should postpone an outstanding notification","invocations":1,"location":null,"numPassingAsserts":1,"retryReasons":[],"status":"passed","title":"should postpone an outstanding notification"},{"ancestorTitles":["S/4HANA API_MAINTNOTIFICATION Endpoints","Function Imports (State Transitions)"],"duration":8,"failureDetails":[],"failureMessages":[],"fullName":"S/4HANA API_MAINTNOTIFICATION Endpoints Function Imports (State Transitions) should fail to postpone a completed notification","invocations":1,"location":null,"numPassingAsserts":1,"retryReasons":[],"status":"passed","title":"should fail to postpone a completed notification"},{"ancestorTitles":["S/4HANA API_MAINTNOTIFICATION Endpoints","Navigation: to_MaintenanceOrder"],"duration":8,"failureDetails":[],"failureMessages":[],"fullName":"S/4HANA API_MAINTNOTIFICATION Endpoints Navigation: to_MaintenanceOrder should return orders linked to notification","invocations":1,"location":null,"numPassingAsserts":3,"retryReasons":[],"status":"passed","title":"should return orders linked to notification"}],"endTime":1773434862192,"message":"\u001b[1m\u001b[31m  \u001b[1m● \u001b[22m\u001b[1mS/4HANA API_MAINTNOTIFICATION Endpoints › GET /MaintenanceNotificationCollection › should return a list of notifications\u001b[39m\u001b[22m\n\n    \u001b[2mexpect(\u001b[22m\u001b[31mreceived\u001b[39m\u001b[2m).\u001b[22mtoBeDefined\u001b[2m()\u001b[22m\n\n    Received: \u001b[31mundefined\u001b[39m\n\u001b[2m\u001b[22m\n\u001b[2m    \u001b[0m \u001b[90m 81 |\u001b[39m       \u001b[22m\n\u001b[2m     \u001b[90m 82 |\u001b[39m       expect(res\u001b[33m.\u001b[39mbody\u001b[33m.\u001b[39md\u001b[33m.\u001b[39mresults)\u001b[33m.\u001b[39mtoBeInstanceOf(\u001b[33mArray\u001b[39m)\u001b[33m;\u001b[39m\u001b[22m\n\u001b[2m    \u001b[31m\u001b[1m>\u001b[22m\u001b[2m\u001b[39m\u001b[90m 83 |\u001b[39m       expect(res\u001b[33m.\u001b[39mbody\u001b[33m.\u001b[39md[\u001b[32m'__count'\u001b[39m])\u001b[33m.\u001b[39mtoBeDefined()\u001b[33m;\u001b[39m\u001b[22m\n\u001b[2m     \u001b[90m    |\u001b[39m                                     \u001b[31m\u001b[1m^\u001b[22m\u001b[2m\u001b[39m\u001b[22m\n\u001b[2m     \u001b[90m 84 |\u001b[39m     })\u001b[33m;\u001b[39m\u001b[22m\n\u001b[2m     \u001b[90m 85 |\u001b[39m\u001b[22m\n\u001b[2m     \u001b[90m 86 |\u001b[39m     it(\u001b[32m'should filter notifications by NotificationType'\u001b[39m\u001b[33m,\u001b[39m \u001b[36masync\u001b[39m () \u001b[33m=>\u001b[39m {\u001b[0m\u001b[22m\n\u001b[2m\u001b[22m\n\u001b[2m      \u001b[2mat Object.toBeDefined (\u001b[22m\u001b[2m\u001b[0m\u001b[36msrc/v4/tests/maintNotification.test.js\u001b[39m\u001b[0m\u001b[2m:83:37)\u001b[22m\u001b[2m\u001b[22m\n\n\u001b[1m\u001b[31m  \u001b[1m● \u001b[22m\u001b[1mS/4HANA API_MAINTNOTIFICATION Endpoints › POST /MaintenanceNotificationCollection › should fail with missing required fields\u001b[39m\u001b[22m\n\n    \u001b[2mexpect(\u001b[22m\u001b[31mreceived\u001b[39m\u001b[2m).\u001b[22mtoContain\u001b[2m(\u001b[22m\u001b[32mexpected\u001b[39m\u001b[2m) // indexOf\u001b[22m\n\n    Expected value:  \u001b[32m\"Missing required fields\"\u001b[39m\n    Received object: \u001b[31m{\"lang\": \"en\", \"value\": \"Missing required fields: NotificationType, TechnicalObject\"}\u001b[39m\n\u001b[2m\u001b[22m\n\u001b[2m    \u001b[0m \u001b[90m 123 |\u001b[39m         \u001b[33m.\u001b[39mexpect(\u001b[35m400\u001b[39m)\u001b[33m;\u001b[39m\u001b[22m\n\u001b[2m     \u001b[90m 124 |\u001b[39m       \u001b[22m\n\u001b[2m    \u001b[31m\u001b[1m>\u001b[22m\u001b[2m\u001b[39m\u001b[90m 125 |\u001b[39m       expect(res\u001b[33m.\u001b[39mbody\u001b[33m.\u001b[39merror\u001b[33m.\u001b[39mmessage)\u001b[33m.\u001b[39mtoContain(\u001b[32m'Missing required fields'\u001b[39m)\u001b[33m;\u001b[39m\u001b[22m\n\u001b[2m     \u001b[90m     |\u001b[39m                                      \u001b[31m\u001b[1m^\u001b[22m\u001b[2m\u001b[39m\u001b[22m\n\u001b[2m     \u001b[90m 126 |\u001b[39m     })\u001b[33m;\u001b[39m\u001b[22m\n\u001b[2m     \u001b[90m 127 |\u001b[39m\u001b[22m\n\u001b[2m     \u001b[90m 128 |\u001b[39m     it(\u001b[32m'should fail with invalid equipment FK'\u001b[39m\u001b[33m,\u001b[39m \u001b[36masync\u001b[39m () \u001b[33m=>\u001b[39m {\u001b[0m\u001b[22m\n\u001b[2m\u001b[22m\n\u001b[2m      \u001b[2mat Object.toContain (\u001b[22m\u001b[2m\u001b[0m\u001b[36msrc/v4/tests/maintNotification.test.js\u001b[39m\u001b[0m\u001b[2m:125:38)\u001b[22m\u001b[2m\u001b[22m\n","name":"C:\\Users\\Usuario\\Documents\\sap-pm-emulator\\src\\v4\\tests\\maintNotification.test.js","startTime":1773434860504,"status":"failed","summary":""}],"wasInterrupted":false}
